{
  "stats": {
    "suites": 1,
    "tests": 1,
    "passes": 1,
    "pending": 0,
    "failures": 0,
    "start": "2025-06-17T15:39:30.489Z",
    "end": "2025-06-17T15:39:51.779Z",
    "duration": 21290,
    "testsRegistered": 1,
    "passPercent": 100,
    "pendingPercent": 0,
    "other": 0,
    "hasOther": false,
    "skipped": 0,
    "hasSkipped": false
  },
  "results": [
    {
      "uuid": "c38605a2-9b8e-42c0-9d29-2bf77aae6adc",
      "title": "",
      "fullFile": "cypress\\e2e\\testCase2.cy.js",
      "file": "cypress\\e2e\\testCase2.cy.js",
      "beforeHooks": [],
      "afterHooks": [],
      "tests": [],
      "suites": [
        {
          "uuid": "4608a05b-ad1f-42f7-ba99-1c4160aca4ba",
          "title": "Test Case 2: Add Product to Cart",
          "fullFile": "",
          "file": "",
          "beforeHooks": [],
          "afterHooks": [],
          "tests": [
            {
              "title": "should add product with quantity 4 to cart",
              "fullTitle": "Test Case 2: Add Product to Cart should add product with quantity 4 to cart",
              "timedOut": null,
              "duration": 18401,
              "state": "passed",
              "speed": "slow",
              "pass": true,
              "fail": false,
              "pending": false,
              "context": null,
              "code": "homePage.visit();\nhomePage.verifyHomePage();\nproductPage.viewProduct();\nproductPage.verifyProductDetailPage();\nproductPage.setQuantity(4);\nproductPage.addToCart();\nproductPage.viewCart();\nproductPage.verifyQuantityInCart('4');",
              "err": {},
              "uuid": "56c524e1-d0d1-4ff2-90f8-1837678fef4e",
              "parentUUID": "4608a05b-ad1f-42f7-ba99-1c4160aca4ba",
              "isHook": false,
              "skipped": false
            }
          ],
          "suites": [],
          "passes": [
            "56c524e1-d0d1-4ff2-90f8-1837678fef4e"
          ],
          "failures": [],
          "pending": [],
          "skipped": [],
          "duration": 18401,
          "root": false,
          "rootEmpty": false,
          "_timeout": 2000
        }
      ],
      "passes": [],
      "failures": [],
      "pending": [],
      "skipped": [],
      "duration": 0,
      "root": true,
      "rootEmpty": true,
      "_timeout": 2000
    }
  ],
  "meta": {
    "mocha": {
      "version": "7.2.0"
    },
    "mochawesome": {
      "options": {
        "quiet": false,
        "reportFilename": "mochawesome",
        "saveHtml": false,
        "saveJson": true,
        "consoleReporter": "spec",
        "useInlineDiffs": false,
        "code": true
      },
      "version": "7.1.3"
    },
    "marge": {
      "options": {
        "reportDir": "cypress/reports",
        "overwrite": false,
        "html": false,
        "json": true
      },
      "version": "6.2.0"
    }
  }
}