{
  "stats": {
    "suites": 1,
    "tests": 1,
    "passes": 1,
    "pending": 0,
    "failures": 0,
    "start": "2025-06-17T15:39:05.726Z",
    "end": "2025-06-17T15:39:27.754Z",
    "duration": 22028,
    "testsRegistered": 1,
    "passPercent": 100,
    "pendingPercent": 0,
    "other": 0,
    "hasOther": false,
    "skipped": 0,
    "hasSkipped": false
  },
  "results": [
    {
      "uuid": "2b41df10-0012-4e96-9062-2b1706a59452",
      "title": "",
      "fullFile": "cypress\\e2e\\testCase1.cy.js",
      "file": "cypress\\e2e\\testCase1.cy.js",
      "beforeHooks": [],
      "afterHooks": [],
      "tests": [],
      "suites": [
        {
          "uuid": "2b0e5dd4-cb69-45ea-91dc-6845c3b86553",
          "title": "Test Case 1: Search Product",
          "fullFile": "",
          "file": "",
          "beforeHooks": [],
          "afterHooks": [],
          "tests": [
            {
              "title": "should search and display products",
              "fullTitle": "Test Case 1: Search Product should search and display products",
              "timedOut": null,
              "duration": 14537,
              "state": "passed",
              "speed": "slow",
              "pass": true,
              "fail": false,
              "pending": false,
              "context": null,
              "code": "homePage.visit();\nhomePage.verifyHomePage();\nhomePage.clickProducts();\nproductPage.verifyAllProductsPage();\nhomePage.searchProduct('Dress');\nproductPage.verifySearchedProductsVisible();",
              "err": {},
              "uuid": "cc4cf605-bdbc-4b14-908d-7420abbf5660",
              "parentUUID": "2b0e5dd4-cb69-45ea-91dc-6845c3b86553",
              "isHook": false,
              "skipped": false
            }
          ],
          "suites": [],
          "passes": [
            "cc4cf605-bdbc-4b14-908d-7420abbf5660"
          ],
          "failures": [],
          "pending": [],
          "skipped": [],
          "duration": 14537,
          "root": false,
          "rootEmpty": false,
          "_timeout": 2000
        }
      ],
      "passes": [],
      "failures": [],
      "pending": [],
      "skipped": [],
      "duration": 0,
      "root": true,
      "rootEmpty": true,
      "_timeout": 2000
    }
  ],
  "meta": {
    "mocha": {
      "version": "7.2.0"
    },
    "mochawesome": {
      "options": {
        "quiet": false,
        "reportFilename": "mochawesome",
        "saveHtml": false,
        "saveJson": true,
        "consoleReporter": "spec",
        "useInlineDiffs": false,
        "code": true
      },
      "version": "7.1.3"
    },
    "marge": {
      "options": {
        "reportDir": "cypress/reports",
        "overwrite": false,
        "html": false,
        "json": true
      },
      "version": "6.2.0"
    }
  }
}